#
# There is insufficient memory for the Java Runtime Environment to continue.
# Native memory allocation (malloc) failed to allocate 1056496 bytes for Chunk::new
# Possible reasons:
#   The system is out of physical RAM or swap space
#   In 32 bit mode, the process size limit was hit
# Possible solutions:
#   Reduce memory load on the system
#   Increase physical memory or swap space
#   Check if swap backing store is full
#   Use 64 bit Java on a 64 bit OS
#   Decrease Java heap size (-Xmx/-Xms)
#   Decrease number of Java threads
#   Decrease Java thread stack sizes (-Xss)
#   Set larger code cache with -XX:ReservedCodeCacheSize=
# This output file may be truncated or incomplete.
#
#  Out of Memory Error (allocation.cpp:390), pid=4732, tid=18800
#
# JRE version: Java(TM) SE Runtime Environment (8.0_51-b16) (build 1.8.0_51-b16)
# Java VM: Java HotSpot(TM) 64-Bit Server VM (25.51-b03 mixed mode windows-amd64 compressed oops)
# Failed to write core dump. Minidumps are not enabled by default on client versions of Windows
#

---------------  T H R E A D  ---------------

Current thread (0x00000000161fa800):  JavaThread "C2 CompilerThread0" daemon [_thread_in_native, id=18800, stack(0x0000000017760000,0x0000000017860000)]

Stack: [0x0000000017760000,0x0000000017860000]
Native frames: (J=compiled Java code, j=interpreted, Vv=VM code, C=native code)
V  [jvm.dll+0x32b4ca]
V  [jvm.dll+0x2797e3]
V  [jvm.dll+0x27a479]
V  [jvm.dll+0x271765]
V  [jvm.dll+0xcba02]
V  [jvm.dll+0xcbecc]
V  [jvm.dll+0x476f72]
V  [jvm.dll+0x4b95ff]
V  [jvm.dll+0x46c011]
V  [jvm.dll+0x46cd4e]
V  [jvm.dll+0x4501a2]
V  [jvm.dll+0xa43a2]
V  [jvm.dll+0xa4cdf]
V  [jvm.dll+0x2418a4]
V  [jvm.dll+0x29846a]
C  [msvcr100.dll+0x21d9f]
C  [msvcr100.dll+0x21e3b]
C  [KERNEL32.DLL+0x8364]
C  [ntdll.dll+0x670d1]


Current CompileTask:
C2:1228221 18681       4       com.android.dx.ssa.back.SsaToRop::convertBasicBlocks (151 bytes)


---------------  P R O C E S S  ---------------

Java Threads: ( => current thread )
  0x00000000206d8800 JavaThread "pool-127-thread-4" [_thread_blocked, id=2356, stack(0x000000003ab30000,0x000000003ac30000)]
  0x000000001c70d800 JavaThread "pool-127-thread-3" [_thread_in_Java, id=232, stack(0x000000003aa30000,0x000000003ab30000)]
  0x000000001c70d000 JavaThread "pool-127-thread-2" [_thread_in_Java, id=15904, stack(0x000000003a930000,0x000000003aa30000)]
  0x000000001c70b800 JavaThread "pool-128-thread-1" [_thread_blocked, id=16716, stack(0x000000003a830000,0x000000003a930000)]
  0x000000001c709000 JavaThread "pool-127-thread-1" [_thread_in_Java, id=2228, stack(0x000000003a730000,0x000000003a830000)]
  0x0000000019098800 JavaThread "pool-121-thread-4" [_thread_in_Java, id=7828, stack(0x0000000039e30000,0x0000000039f30000)]
  0x000000001909b800 JavaThread "pool-121-thread-3" [_thread_blocked, id=4860, stack(0x0000000039d30000,0x0000000039e30000)]
  0x000000001909b000 JavaThread "pool-121-thread-2" [_thread_in_Java, id=18868, stack(0x0000000039c30000,0x0000000039d30000)]
  0x0000000019098000 JavaThread "pool-118-thread-3" [_thread_in_vm_trans, id=720, stack(0x0000000039b30000,0x0000000039c30000)]
  0x000000001909e800 JavaThread "pool-122-thread-1" [_thread_blocked, id=17652, stack(0x0000000039a30000,0x0000000039b30000)]
  0x000000001c70e800 JavaThread "pool-121-thread-1" [_thread_in_Java, id=15656, stack(0x0000000039930000,0x0000000039a30000)]
  0x000000001c701800 JavaThread "pool-119-thread-1" [_thread_blocked, id=9120, stack(0x0000000039730000,0x0000000039830000)]
  0x000000001c706000 JavaThread "pool-105-thread-4" [_thread_blocked, id=11616, stack(0x0000000037d30000,0x0000000037e30000)]
  0x000000001af06000 JavaThread "pool-105-thread-3" [_thread_blocked, id=8808, stack(0x0000000037c30000,0x0000000037d30000)]
  0x000000001af05800 JavaThread "pool-105-thread-2" [_thread_blocked, id=552, stack(0x0000000037b30000,0x0000000037c30000)]
  0x000000001af04800 JavaThread "pool-105-thread-1" [_thread_blocked, id=17824, stack(0x0000000037a30000,0x0000000037b30000)]
  0x000000001af07000 JavaThread "Task worker Thread 3" [_thread_blocked, id=9048, stack(0x0000000037930000,0x0000000037a30000)]
  0x000000001aefb000 JavaThread "Task worker Thread 2" [_thread_blocked, id=14748, stack(0x0000000037830000,0x0000000037930000)]
  0x000000001aeff800 JavaThread "Task worker" [_thread_blocked, id=13428, stack(0x0000000037730000,0x0000000037830000)]
  0x000000001aefa000 JavaThread "Asynchronous log dispatcher for org.gradle.launcher.daemon.server.DefaultDaemonConnection@53c1a52" [_thread_blocked, id=17676, stack(0x0000000037530000,0x0000000037630000)]
  0x000000001af01000 JavaThread "Daemon worker Thread 4" [_thread_blocked, id=13280, stack(0x0000000037430000,0x0000000037530000)]
  0x000000001aefe800 JavaThread "Cancel handler" [_thread_blocked, id=4248, stack(0x0000000037330000,0x0000000037430000)]
  0x000000001aefb800 JavaThread "Handler for socket connection from /127.0.0.1:7642 to /127.0.0.1:9113" [_thread_in_native, id=16188, stack(0x0000000037230000,0x0000000037330000)]
  0x000000001aef9800 JavaThread "Daemon Thread 4" [_thread_blocked, id=18056, stack(0x0000000037130000,0x0000000037230000)]
  0x000000001c710000 JavaThread "pool-14-thread-4" [_thread_in_native, id=9296, stack(0x000000002c030000,0x000000002c130000)]
  0x000000001c708800 JavaThread "pool-14-thread-3" [_thread_in_Java, id=19204, stack(0x000000002bf30000,0x000000002c030000)]
  0x000000001c70a000 JavaThread "pool-14-thread-1" [_thread_blocked, id=8500, stack(0x000000002be30000,0x000000002bf30000)]
  0x000000001c70c000 JavaThread "pool-14-thread-2" [_thread_in_Java, id=2124, stack(0x000000002bd30000,0x000000002be30000)]
  0x000000001c703000 JavaThread "stdout" daemon [_thread_in_native, id=8172, stack(0x0000000029430000,0x0000000029530000)]
  0x000000001c704800 JavaThread "stderr" daemon [_thread_in_native, id=9828, stack(0x0000000029330000,0x0000000029430000)]
  0x000000001b074800 JavaThread "stdout" daemon [_thread_in_native, id=19208, stack(0x0000000029230000,0x0000000029330000)]
  0x000000001b073800 JavaThread "stderr" daemon [_thread_in_native, id=8612, stack(0x0000000029130000,0x0000000029230000)]
  0x000000001b073000 JavaThread "stdout" daemon [_thread_in_native, id=16652, stack(0x0000000029030000,0x0000000029130000)]
  0x000000001b071800 JavaThread "stderr" daemon [_thread_in_native, id=18336, stack(0x0000000028f30000,0x0000000029030000)]
  0x000000001b070800 JavaThread "stdout" daemon [_thread_in_native, id=18200, stack(0x0000000028e30000,0x0000000028f30000)]
  0x000000001b06e800 JavaThread "stderr" daemon [_thread_in_native, id=11084, stack(0x0000000028d30000,0x0000000028e30000)]
  0x000000001b06d800 JavaThread "stdout" daemon [_thread_in_native, id=5880, stack(0x0000000028c30000,0x0000000028d30000)]
  0x000000001b072000 JavaThread "stderr" daemon [_thread_in_native, id=10180, stack(0x0000000028b30000,0x0000000028c30000)]
  0x000000001b069000 JavaThread "stdout" daemon [_thread_in_native, id=18828, stack(0x0000000028a30000,0x0000000028b30000)]
  0x000000001b070000 JavaThread "stderr" daemon [_thread_in_native, id=2656, stack(0x0000000028930000,0x0000000028a30000)]
  0x000000001b068000 JavaThread "stdout" daemon [_thread_in_native, id=17456, stack(0x0000000028830000,0x0000000028930000)]
  0x000000001b06f000 JavaThread "stderr" daemon [_thread_in_native, id=11448, stack(0x0000000028730000,0x0000000028830000)]
  0x000000001b066800 JavaThread "stdout" daemon [_thread_in_native, id=14196, stack(0x0000000028630000,0x0000000028730000)]
  0x000000001b06d000 JavaThread "stderr" daemon [_thread_in_native, id=18708, stack(0x0000000028530000,0x0000000028630000)]
  0x000000001b069800 JavaThread "stdout" daemon [_thread_in_native, id=212, stack(0x0000000028330000,0x0000000028430000)]
  0x000000001b06b800 JavaThread "stderr" daemon [_thread_in_native, id=9088, stack(0x0000000028230000,0x0000000028330000)]
  0x000000001b067800 JavaThread "stdout" daemon [_thread_in_native, id=5572, stack(0x0000000028130000,0x0000000028230000)]
  0x000000001b065000 JavaThread "stderr" daemon [_thread_in_native, id=5712, stack(0x0000000028030000,0x0000000028130000)]
  0x000000001b066000 JavaThread "stdout" daemon [_thread_in_native, id=9924, stack(0x0000000027f30000,0x0000000028030000)]
  0x000000001b06c000 JavaThread "stderr" daemon [_thread_in_native, id=2140, stack(0x0000000027e30000,0x0000000027f30000)]
  0x0000000019979000 JavaThread "stdout" daemon [_thread_in_native, id=15680, stack(0x0000000027d30000,0x0000000027e30000)]
  0x0000000019978800 JavaThread "stderr" daemon [_thread_in_native, id=8348, stack(0x0000000027c30000,0x0000000027d30000)]
  0x0000000019977800 JavaThread "stdout" daemon [_thread_in_native, id=9308, stack(0x0000000027b30000,0x0000000027c30000)]
  0x0000000019977000 JavaThread "stderr" daemon [_thread_in_native, id=17112, stack(0x0000000027a30000,0x0000000027b30000)]
  0x0000000019976000 JavaThread "stdout" daemon [_thread_in_native, id=11384, stack(0x0000000027930000,0x0000000027a30000)]
  0x000000001997a800 JavaThread "stderr" daemon [_thread_in_native, id=11332, stack(0x0000000027830000,0x0000000027930000)]
  0x000000001997a000 JavaThread "png-cruncher_20" daemon [_thread_blocked, id=804, stack(0x0000000027730000,0x0000000027830000)]
  0x000000001996e800 JavaThread "png-cruncher_19" daemon [_thread_blocked, id=7640, stack(0x0000000027630000,0x0000000027730000)]
  0x0000000019975800 JavaThread "png-cruncher_18" daemon [_thread_blocked, id=13068, stack(0x0000000027530000,0x0000000027630000)]
  0x0000000019974800 JavaThread "png-cruncher_17" daemon [_thread_blocked, id=16572, stack(0x0000000027430000,0x0000000027530000)]
  0x0000000019974000 JavaThread "png-cruncher_16" daemon [_thread_blocked, id=5172, stack(0x0000000027330000,0x0000000027430000)]
  0x000000001996c800 JavaThread "stdout" daemon [_thread_in_native, id=6412, stack(0x0000000027230000,0x0000000027330000)]
  0x0000000019973000 JavaThread "stderr" daemon [_thread_in_native, id=13628, stack(0x0000000027130000,0x0000000027230000)]
  0x0000000019972800 JavaThread "stdout" daemon [_thread_in_native, id=13364, stack(0x0000000027030000,0x0000000027130000)]
  0x0000000019971000 JavaThread "stderr" daemon [_thread_in_native, id=10332, stack(0x0000000026f30000,0x0000000027030000)]
  0x000000001996e000 JavaThread "png-cruncher_15" daemon [_thread_blocked, id=4048, stack(0x0000000026e30000,0x0000000026f30000)]
  0x0000000019970000 JavaThread "png-cruncher_14" daemon [_thread_blocked, id=12184, stack(0x0000000026d30000,0x0000000026e30000)]
  0x000000001996f800 JavaThread "png-cruncher_13" daemon [_thread_blocked, id=9856, stack(0x0000000026c30000,0x0000000026d30000)]
  0x000000001996d000 JavaThread "png-cruncher_12" daemon [_thread_blocked, id=12844, stack(0x0000000026b30000,0x0000000026c30000)]
  0x000000001996b800 JavaThread "png-cruncher_11" daemon [_thread_blocked, id=15112, stack(0x0000000026a30000,0x0000000026b30000)]
  0x0000000019971800 JavaThread "png-cruncher_10" daemon [_thread_blocked, id=1148, stack(0x0000000026930000,0x0000000026a30000)]
  0x000000001cbdf000 JavaThread "png-cruncher_9" daemon [_thread_blocked, id=9336, stack(0x0000000026830000,0x0000000026930000)]
  0x000000001cbde800 JavaThread "png-cruncher_8" daemon [_thread_blocked, id=1144, stack(0x0000000026730000,0x0000000026830000)]
  0x000000001cbdd000 JavaThread "png-cruncher_7" daemon [_thread_blocked, id=2936, stack(0x0000000026630000,0x0000000026730000)]
  0x000000001cbe2000 JavaThread "png-cruncher_6" daemon [_thread_blocked, id=7496, stack(0x0000000026530000,0x0000000026630000)]
  0x000000001cbe1800 JavaThread "stdout" daemon [_thread_in_native, id=18092, stack(0x0000000026430000,0x0000000026530000)]
  0x000000001cbe0000 JavaThread "stderr" daemon [_thread_in_native, id=10544, stack(0x0000000026330000,0x0000000026430000)]
  0x000000001cbdc000 JavaThread "stdout" daemon [_thread_in_native, id=11380, stack(0x0000000026230000,0x0000000026330000)]
  0x000000001cbe0800 JavaThread "stderr" daemon [_thread_in_native, id=14364, stack(0x0000000026130000,0x0000000026230000)]
  0x000000001cbdd800 JavaThread "stdout" daemon [_thread_in_native, id=13804, stack(0x0000000026030000,0x0000000026130000)]
  0x000000001cbdb800 JavaThread "stderr" daemon [_thread_in_native, id=11956, stack(0x0000000025f30000,0x0000000026030000)]
  0x0000000019099800 JavaThread "stdout" daemon [_thread_in_native, id=12780, stack(0x0000000025e30000,0x0000000025f30000)]
  0x00000000206d7000 JavaThread "stderr" daemon [_thread_in_native, id=14036, stack(0x0000000025d30000,0x0000000025e30000)]
  0x00000000206d6800 JavaThread "png-cruncher_5" daemon [_thread_blocked, id=1116, stack(0x0000000025c30000,0x0000000025d30000)]
  0x00000000206dd000 JavaThread "png-cruncher_4" daemon [_thread_blocked, id=2120, stack(0x0000000025b30000,0x0000000025c30000)]
  0x00000000206dc800 JavaThread "png-cruncher_3" daemon [_thread_blocked, id=840, stack(0x0000000025a30000,0x0000000025b30000)]
  0x00000000206d9800 JavaThread "png-cruncher_2" daemon [_thread_blocked, id=15084, stack(0x0000000025930000,0x0000000025a30000)]
  0x00000000206db800 JavaThread "png-cruncher_1" daemon [_thread_blocked, id=11068, stack(0x0000000025830000,0x0000000025930000)]
  0x000000001909e000 JavaThread "pool-2-thread-1" [_thread_blocked, id=19132, stack(0x000000001ed60000,0x000000001ee60000)]
  0x000000001e4eb800 JavaThread "File lock request listener" [_thread_in_native, id=18192, stack(0x000000001ec60000,0x000000001ed60000)]
  0x00000000182b0000 JavaThread "Incoming local TCP Connector on port 7642" [_thread_in_native, id=13228, stack(0x0000000019d00000,0x0000000019e00000)]
  0x0000000018abc800 JavaThread "pool-1-thread-1" [_thread_blocked, id=17816, stack(0x0000000018860000,0x0000000018960000)]
  0x0000000017a64800 JavaThread "Service Thread" daemon [_thread_blocked, id=16120, stack(0x0000000017e60000,0x0000000017f60000)]
  0x000000001625c800 JavaThread "C1 CompilerThread2" daemon [_thread_blocked, id=17580, stack(0x0000000017960000,0x0000000017a60000)]
  0x000000001623f800 JavaThread "C2 CompilerThread1" daemon [_thread_in_native, id=684, stack(0x0000000017860000,0x0000000017960000)]
=>0x00000000161fa800 JavaThread "C2 CompilerThread0" daemon [_thread_in_native, id=18800, stack(0x0000000017760000,0x0000000017860000)]
  0x00000000161f9800 JavaThread "Attach Listener" daemon [_thread_blocked, id=11200, stack(0x0000000017660000,0x0000000017760000)]
  0x00000000161f8000 JavaThread "Signal Dispatcher" daemon [_thread_blocked, id=11484, stack(0x0000000017560000,0x0000000017660000)]
  0x0000000002880000 JavaThread "Finalizer" daemon [_thread_blocked, id=15644, stack(0x0000000017460000,0x0000000017560000)]
  0x000000000287d000 JavaThread "Reference Handler" daemon [_thread_blocked, id=9908, stack(0x0000000017360000,0x0000000017460000)]
  0x0000000002790800 JavaThread "main" [_thread_blocked, id=3012, stack(0x00000000025b0000,0x00000000026b0000)]

Other Threads:
  0x00000000161c7800 VMThread [stack: 0x0000000017260000,0x0000000017360000] [id=10596]
  0x0000000017a65800 WatcherThread [stack: 0x0000000017f60000,0x0000000018060000] [id=10904]

VM state:not at safepoint (normal execution)

VM Mutex/Monitor currently owned by a thread: None

Heap:
 PSYoungGen      total 434688K, used 187435K [0x00000000e0000000, 0x00000000ffa80000, 0x0000000100000000)
  eden space 356864K, 41% used [0x00000000e0000000,0x00000000e91824b0,0x00000000f5c80000)
  from space 77824K, 49% used [0x00000000fae80000,0x00000000fd4087d0,0x00000000ffa80000)
  to   space 80896K, 0% used [0x00000000f5c80000,0x00000000f5c80000,0x00000000fab80000)
 ParOldGen       total 205824K, used 72286K [0x00000000a0000000, 0x00000000ac900000, 0x00000000e0000000)
  object space 205824K, 35% used [0x00000000a0000000,0x00000000a4697b50,0x00000000ac900000)
 Metaspace       used 77043K, capacity 80774K, committed 81024K, reserved 1120256K
  class space    used 10030K, capacity 10764K, committed 10880K, reserved 1048576K

Card table byte_map: [0x0000000011c50000,0x0000000011f60000] byte_map_base: 0x0000000011750000

Marking Bits: (ParMarkBitMap*) 0x000000005e254040
 Begin Bits: [0x0000000012560000, 0x0000000013d60000)
 End Bits:   [0x0000000013d60000, 0x0000000015560000)

Polling page: 0x0000000000a60000

CodeCache: size=245760Kb used=53002Kb max_used=53124Kb free=192757Kb
 bounds [0x0000000002890000, 0x0000000005ce0000, 0x0000000011890000]
 total_blobs=15454 nmethods=14700 adapters=664
 compilation: enabled

Compilation events (10 events):
Event: 1226.355 Thread 0x000000001625c800 18769       2       com.android.dx.dex.code.RopTranslator$TranslationVisitor::visitThrowingInsn (118 bytes)
Event: 1226.357 Thread 0x000000001625c800 nmethod 18769 0x0000000005c94e50 code [0x0000000005c950a0, 0x0000000005c95828]
Event: 1226.380 Thread 0x000000001625c800 18773   !   2       com.android.dx.dex.cf.CfTranslator::processMethods (596 bytes)
Event: 1226.385 Thread 0x000000001625c800 nmethod 18773 0x0000000005ca0350 code [0x0000000005ca0800, 0x0000000005ca1e88]
Event: 1226.386 Thread 0x000000001625c800 18774       2       com.android.dx.dex.file.ClassDefItem::addDirectMethod (9 bytes)
Event: 1226.386 Thread 0x000000001625c800 nmethod 18774 0x0000000005c94950 code [0x0000000005c94ac0, 0x0000000005c94cf8]
Event: 1226.386 Thread 0x000000001625c800 18775       2       com.android.dx.dex.file.ClassDataItem::addDirectMethod (24 bytes)
Event: 1226.386 Thread 0x000000001625c800 nmethod 18775 0x0000000005c5fbd0 code [0x0000000005c5fd40, 0x0000000005c5ff58]
Event: 1226.409 Thread 0x000000001623f800 nmethod 18680 0x0000000005ca93d0 code [0x0000000005ca9680, 0x0000000005cab6f8]
Event: 1226.409 Thread 0x000000001623f800 18633       4       com.android.dx.ssa.Dominators::run (506 bytes)

GC Heap History (10 events):
Event: 454.869 GC heap before
{Heap before GC invocations=37 (full 5):
 PSYoungGen      total 438272K, used 40710K [0x00000000e0000000, 0x0000000100000000, 0x0000000100000000)
  eden space 348160K, 0% used [0x00000000e0000000,0x00000000e0000000,0x00000000f5400000)
  from space 90112K, 45% used [0x00000000fa800000,0x00000000fcfc18c8,0x0000000100000000)
  to   space 86016K, 0% used [0x00000000f5400000,0x00000000f5400000,0x00000000fa800000)
 ParOldGen       total 205824K, used 102080K [0x00000000a0000000, 0x00000000ac900000, 0x00000000e0000000)
  object space 205824K, 49% used [0x00000000a0000000,0x00000000a63b0160,0x00000000ac900000)
 Metaspace       used 71055K, capacity 73732K, committed 73984K, reserved 1114112K
  class space    used 9339K, capacity 9907K, committed 9984K, reserved 1048576K
Event: 455.175 GC heap after
Heap after GC invocations=37 (full 5):
 PSYoungGen      total 438272K, used 0K [0x00000000e0000000, 0x0000000100000000, 0x0000000100000000)
  eden space 348160K, 0% used [0x00000000e0000000,0x00000000e0000000,0x00000000f5400000)
  from space 90112K, 0% used [0x00000000fa800000,0x00000000fa800000,0x0000000100000000)
  to   space 86016K, 0% used [0x00000000f5400000,0x00000000f5400000,0x00000000fa800000)
 ParOldGen       total 205824K, used 60954K [0x00000000a0000000, 0x00000000ac900000, 0x00000000e0000000)
  object space 205824K, 29% used [0x00000000a0000000,0x00000000a3b86a18,0x00000000ac900000)
 Metaspace       used 71055K, capacity 73732K, committed 73984K, reserved 1114112K
  class space    used 9339K, capacity 9907K, committed 9984K, reserved 1048576K
}
Event: 690.186 GC heap before
{Heap before GC invocations=38 (full 5):
 PSYoungGen      total 438272K, used 143311K [0x00000000e0000000, 0x0000000100000000, 0x0000000100000000)
  eden space 348160K, 41% used [0x00000000e0000000,0x00000000e8bf3c18,0x00000000f5400000)
  from space 90112K, 0% used [0x00000000fa800000,0x00000000fa800000,0x0000000100000000)
  to   space 86016K, 0% used [0x00000000f5400000,0x00000000f5400000,0x00000000fa800000)
 ParOldGen       total 205824K, used 60954K [0x00000000a0000000, 0x00000000ac900000, 0x00000000e0000000)
  object space 205824K, 29% used [0x00000000a0000000,0x00000000a3b86a18,0x00000000ac900000)
 Metaspace       used 75471K, capacity 78668K, committed 78976K, reserved 1118208K
  class space    used 9884K, capacity 10546K, committed 10624K, reserved 1048576K
Event: 690.240 GC heap after
Heap after GC invocations=38 (full 5):
 PSYoungGen      total 434176K, used 9758K [0x00000000e0000000, 0x0000000100000000, 0x0000000100000000)
  eden space 348160K, 0% used [0x00000000e0000000,0x00000000e0000000,0x00000000f5400000)
  from space 86016K, 11% used [0x00000000f5400000,0x00000000f5d87aa8,0x00000000fa800000)
  to   space 86016K, 0% used [0x00000000fac00000,0x00000000fac00000,0x0000000100000000)
 ParOldGen       total 205824K, used 60962K [0x00000000a0000000, 0x00000000ac900000, 0x00000000e0000000)
  object space 205824K, 29% used [0x00000000a0000000,0x00000000a3b88a18,0x00000000ac900000)
 Metaspace       used 75471K, capacity 78668K, committed 78976K, reserved 1118208K
  class space    used 9884K, capacity 10546K, committed 10624K, reserved 1048576K
}
Event: 690.240 GC heap before
{Heap before GC invocations=39 (full 6):
 PSYoungGen      total 434176K, used 9758K [0x00000000e0000000, 0x0000000100000000, 0x0000000100000000)
  eden space 348160K, 0% used [0x00000000e0000000,0x00000000e0000000,0x00000000f5400000)
  from space 86016K, 11% used [0x00000000f5400000,0x00000000f5d87aa8,0x00000000fa800000)
  to   space 86016K, 0% used [0x00000000fac00000,0x00000000fac00000,0x0000000100000000)
 ParOldGen       total 205824K, used 60962K [0x00000000a0000000, 0x00000000ac900000, 0x00000000e0000000)
  object space 205824K, 29% used [0x00000000a0000000,0x00000000a3b88a18,0x00000000ac900000)
 Metaspace       used 75471K, capacity 78668K, committed 78976K, reserved 1118208K
  class space    used 9884K, capacity 10546K, committed 10624K, reserved 1048576K
Event: 691.180 GC heap after
Heap after GC invocations=39 (full 6):
 PSYoungGen      total 434176K, used 0K [0x00000000e0000000, 0x0000000100000000, 0x0000000100000000)
  eden space 348160K, 0% used [0x00000000e0000000,0x00000000e0000000,0x00000000f5400000)
  from space 86016K, 0% used [0x00000000f5400000,0x00000000f5400000,0x00000000fa800000)
  to   space 86016K, 0% used [0x00000000fac00000,0x00000000fac00000,0x0000000100000000)
 ParOldGen       total 205824K, used 66184K [0x00000000a0000000, 0x00000000ac900000, 0x00000000e0000000)
  object space 205824K, 32% used [0x00000000a0000000,0x00000000a40a21d0,0x00000000ac900000)
 Metaspace       used 75452K, capacity 78646K, committed 78976K, reserved 1118208K
  class space    used 9878K, capacity 10540K, committed 10624K, reserved 1048576K
}
Event: 1140.704 GC heap before
{Heap before GC invocations=40 (full 6):
 PSYoungGen      total 434176K, used 347503K [0x00000000e0000000, 0x0000000100000000, 0x0000000100000000)
  eden space 348160K, 99% used [0x00000000e0000000,0x00000000f535bc98,0x00000000f5400000)
  from space 86016K, 0% used [0x00000000f5400000,0x00000000f5400000,0x00000000fa800000)
  to   space 86016K, 0% used [0x00000000fac00000,0x00000000fac00000,0x0000000100000000)
 ParOldGen       total 205824K, used 66184K [0x00000000a0000000, 0x00000000ac900000, 0x00000000e0000000)
  object space 205824K, 32% used [0x00000000a0000000,0x00000000a40a21d0,0x00000000ac900000)
 Metaspace       used 75994K, capacity 79506K, committed 79744K, reserved 1118208K
  class space    used 9923K, capacity 10606K, committed 10624K, reserved 1048576K
Event: 1140.788 GC heap after
Heap after GC invocations=40 (full 6):
 PSYoungGen      total 434176K, used 17099K [0x00000000e0000000, 0x00000000ffc00000, 0x0000000100000000)
  eden space 352256K, 0% used [0x00000000e0000000,0x00000000e0000000,0x00000000f5800000)
  from space 81920K, 20% used [0x00000000fac00000,0x00000000fbcb2ee0,0x00000000ffc00000)
  to   space 83968K, 0% used [0x00000000f5800000,0x00000000f5800000,0x00000000faa00000)
 ParOldGen       total 205824K, used 66192K [0x00000000a0000000, 0x00000000ac900000, 0x00000000e0000000)
  object space 205824K, 32% used [0x00000000a0000000,0x00000000a40a41d0,0x00000000ac900000)
 Metaspace       used 75994K, capacity 79506K, committed 79744K, reserved 1118208K
  class space    used 9923K, capacity 10606K, committed 10624K, reserved 1048576K
}
Event: 1212.172 GC heap before
{Heap before GC invocations=41 (full 6):
 PSYoungGen      total 434176K, used 369355K [0x00000000e0000000, 0x00000000ffc00000, 0x0000000100000000)
  eden space 352256K, 100% used [0x00000000e0000000,0x00000000f5800000,0x00000000f5800000)
  from space 81920K, 20% used [0x00000000fac00000,0x00000000fbcb2ee0,0x00000000ffc00000)
  to   space 83968K, 0% used [0x00000000f5800000,0x00000000f5800000,0x00000000faa00000)
 ParOldGen       total 205824K, used 66192K [0x00000000a0000000, 0x00000000ac900000, 0x00000000e0000000)
  object space 205824K, 32% used [0x00000000a0000000,0x00000000a40a41d0,0x00000000ac900000)
 Metaspace       used 76471K, capacity 80126K, committed 80384K, reserved 1118208K
  class space    used 9951K, capacity 10656K, committed 10752K, reserved 1048576K
Event: 1212.186 GC heap after
Heap after GC invocations=41 (full 6):
 PSYoungGen      total 436224K, used 6855K [0x00000000e0000000, 0x0000000100000000, 0x0000000100000000)
  eden space 352256K, 0% used [0x00000000e0000000,0x00000000e0000000,0x00000000f5800000)
  from space 83968K, 8% used [0x00000000f5800000,0x00000000f5eb1e70,0x00000000faa00000)
  to   space 83456K, 0% used [0x00000000fae80000,0x00000000fae80000,0x0000000100000000)
 ParOldGen       total 205824K, used 66200K [0x00000000a0000000, 0x00000000ac900000, 0x00000000e0000000)
  object space 205824K, 32% used [0x00000000a0000000,0x00000000a40a61d0,0x00000000ac900000)
 Metaspace       used 76471K, capacity 80126K, committed 80384K, reserved 1118208K
  class space    used 9951K, capacity 10656K, committed 10752K, reserved 1048576K
}

Deoptimization events (10 events):
Event: 1198.047 Thread 0x000000001aefb000 Uncommon trap: reason=unstable_if action=reinterpret pc=0x00000000034c410c method=com.sun.tools.javac.util.Convert.chars2utf([CI[BII)I @ 35
Event: 1198.151 Thread 0x000000001aefb000 Uncommon trap: reason=unstable_if action=reinterpret pc=0x0000000004bc89b0 method=com.sun.tools.javac.code.Types$SignatureGenerator.hasTypeVar(Lcom/sun/tools/javac/util/List;)Z @ 4
Event: 1198.403 Thread 0x000000001aefb000 Uncommon trap: reason=class_check action=maybe_recompile pc=0x0000000004946154 method=com.sun.tools.javac.comp.Attr.check(Lcom/sun/tools/javac/tree/JCTree;Lcom/sun/tools/javac/code/Type;ILcom/sun/tools/javac/comp/Attr$ResultInfo;)Lcom/sun/tools/javac/code/
Event: 1198.883 Thread 0x000000001aefb000 Uncommon trap: reason=class_check action=maybe_recompile pc=0x0000000004987b8c method=com.sun.tools.javac.code.Types.rank(Lcom/sun/tools/javac/code/Type;)I @ 131
Event: 1200.824 Thread 0x000000001aefb000 Uncommon trap: reason=class_check action=maybe_recompile pc=0x0000000004ac8fc8 method=com.sun.tools.javac.code.Types.union(Lcom/sun/tools/javac/util/List;Lcom/sun/tools/javac/util/List;)Lcom/sun/tools/javac/util/List; @ 119
Event: 1208.416 Thread 0x000000001aefb000 Uncommon trap: reason=class_check action=maybe_recompile pc=0x0000000004c4bc84 method=sun.nio.cs.ThreadLocalCoders$1.hasName(Ljava/lang/Object;Ljava/lang/Object;)Z @ 30
Event: 1215.250 Thread 0x000000001aefb000 Uncommon trap: reason=bimorphic action=maybe_recompile pc=0x00000000043aa01c method=com.sun.org.apache.xerces.internal.dom.ElementImpl.getNodeName()Ljava/lang/String; @ 8
Event: 1215.250 Thread 0x000000001aefb000 Uncommon trap: reason=bimorphic action=maybe_recompile pc=0x00000000043aa01c method=com.sun.org.apache.xerces.internal.dom.ElementImpl.getNodeName()Ljava/lang/String; @ 8
Event: 1215.251 Thread 0x000000001aefb000 Uncommon trap: reason=unstable_if action=reinterpret pc=0x00000000029d22f8 method=org.objectweb.asm.MethodWriter.visitVarInsn(II)V @ 15
Event: 1215.251 Thread 0x000000001aefb000 Uncommon trap: reason=unstable_if action=reinterpret pc=0x0000000004d8c4d8 method=org.objectweb.asm.MethodWriter.visitInsn(I)V @ 24

Internal exceptions (10 events):
Event: 738.556 Thread 0x000000001aefb800 Exception <a 'sun/nio/fs/WindowsException'> (0x00000000e4e679f0) thrown at [C:\re\workspace\8-2-build-windows-amd64-cygwin\jdk8u51\3951\hotspot\src\share\vm\prims\jni.cpp, line 709]
Event: 738.556 Thread 0x000000001aefb800 Exception <a 'sun/nio/fs/WindowsException'> (0x00000000e4e68218) thrown at [C:\re\workspace\8-2-build-windows-amd64-cygwin\jdk8u51\3951\hotspot\src\share\vm\prims\jni.cpp, line 709]
Event: 738.556 Thread 0x000000001aefb800 Exception <a 'sun/nio/fs/WindowsException'> (0x00000000e4e69498) thrown at [C:\re\workspace\8-2-build-windows-amd64-cygwin\jdk8u51\3951\hotspot\src\share\vm\prims\jni.cpp, line 709]
Event: 738.556 Thread 0x000000001aefb800 Exception <a 'sun/nio/fs/WindowsException'> (0x00000000e4e69d00) thrown at [C:\re\workspace\8-2-build-windows-amd64-cygwin\jdk8u51\3951\hotspot\src\share\vm\prims\jni.cpp, line 709]
Event: 906.023 Thread 0x000000001909e000 Exception <a 'sun/nio/fs/WindowsException'> (0x00000000e8306440) thrown at [C:\re\workspace\8-2-build-windows-amd64-cygwin\jdk8u51\3951\hotspot\src\share\vm\prims\jni.cpp, line 709]
Event: 1103.975 Thread 0x000000001af01000 Exception <a 'java/lang/ClassNotFoundException': asLocalRepo497_xmdkkottifgnvg5lhs9hbnisBeanInfo> (0x00000000e88bb630) thrown at [C:\re\workspace\8-2-build-windows-amd64-cygwin\jdk8u51\3951\hotspot\src\share\vm\classfile\systemDictionary.cpp, line 210]
Event: 1103.975 Thread 0x000000001af01000 Exception <a 'java/lang/ClassNotFoundException': asLocalRepo497_xmdkkottifgnvg5lhs9hbnisCustomizer> (0x00000000e88c4948) thrown at [C:\re\workspace\8-2-build-windows-amd64-cygwin\jdk8u51\3951\hotspot\src\share\vm\classfile\systemDictionary.cpp, line 210]
Event: 1104.484 Thread 0x000000001af01000 Exception <a 'sun/nio/fs/WindowsException'> (0x00000000ecd032f0) thrown at [C:\re\workspace\8-2-build-windows-amd64-cygwin\jdk8u51\3951\hotspot\src\share\vm\prims\jni.cpp, line 709]
Event: 1215.251 Thread 0x000000001aefb000 Implicit null exception at 0x00000000029d202f to 0x00000000029d22ed
Event: 1215.251 Thread 0x000000001aefb000 Implicit null exception at 0x0000000004d8c1e3 to 0x0000000004d8c4c9

Events (10 events):
Event: 1226.332 Thread 0x000000001909e800 Thread added: 0x000000001909e800
Event: 1226.332 Thread 0x0000000019098000 Thread added: 0x0000000019098000
Event: 1226.333 Thread 0x000000001909b000 Thread added: 0x000000001909b000
Event: 1226.333 Thread 0x000000001909b800 Thread added: 0x000000001909b800
Event: 1226.333 Thread 0x0000000019098800 Thread added: 0x0000000019098800
Event: 1226.335 Thread 0x000000001909c800 Thread added: 0x000000001909c800
Event: 1226.353 Thread 0x000000001c70a000 DEOPT PACKING pc=0x00000000050b6765 sp=0x000000002bf2dfc0
Event: 1226.353 Thread 0x000000001c70a000 DEOPT UNPACKING pc=0x00000000028d787f sp=0x000000002bf2dd50 mode 0
Event: 1226.378 loading class com/android/dx/cf/iface/ParseObserver
Event: 1226.378 loading class com/android/dx/cf/iface/ParseObserver done


Dynamic libraries:
0x00007ff6c2520000 - 0x00007ff6c2557000 	C:\Program Files\Java\jdk1.8.0_51\bin\java.exe
0x00007fff8ee60000 - 0x00007fff8f031000 	C:\WINDOWS\SYSTEM32\ntdll.dll
0x00007fff8edb0000 - 0x00007fff8ee5b000 	C:\WINDOWS\System32\KERNEL32.DLL
0x00007fff8bb80000 - 0x00007fff8bd9d000 	C:\WINDOWS\System32\KERNELBASE.dll
0x00007fff8d540000 - 0x00007fff8d5e2000 	C:\WINDOWS\System32\ADVAPI32.dll
0x00007fff8d370000 - 0x00007fff8d40e000 	C:\WINDOWS\System32\msvcrt.dll
0x00007fff8ce20000 - 0x00007fff8ce79000 	C:\WINDOWS\System32\sechost.dll
0x00007fff8d160000 - 0x00007fff8d281000 	C:\WINDOWS\System32\RPCRT4.dll
0x00007fff8d730000 - 0x00007fff8d895000 	C:\WINDOWS\System32\USER32.dll
0x00007fff8c2d0000 - 0x00007fff8c2ee000 	C:\WINDOWS\System32\win32u.dll
0x00007fff8cd70000 - 0x00007fff8cda4000 	C:\WINDOWS\System32\GDI32.dll
0x00007fff8c0e0000 - 0x00007fff8c262000 	C:\WINDOWS\System32\gdi32full.dll
0x00007fff80910000 - 0x00007fff80b8a000 	C:\WINDOWS\WinSxS\amd64_microsoft.windows.common-controls_6595b64144ccf1df_6.0.14393.953_none_42151e83c686086b\COMCTL32.dll
0x00007fff8c940000 - 0x00007fff8cc08000 	C:\WINDOWS\System32\combase.dll
0x00007fff8c2f0000 - 0x00007fff8c3e5000 	C:\WINDOWS\System32\ucrtbase.dll
0x00007fff8c070000 - 0x00007fff8c0da000 	C:\WINDOWS\System32\bcryptPrimitives.dll
0x00007fff8d410000 - 0x00007fff8d43e000 	C:\WINDOWS\System32\IMM32.DLL
0x000000005e2e0000 - 0x000000005e3b2000 	C:\Program Files\Java\jdk1.8.0_51\jre\bin\msvcr100.dll
0x000000005da50000 - 0x000000005e2d3000 	C:\Program Files\Java\jdk1.8.0_51\jre\bin\server\jvm.dll
0x00007fff87f50000 - 0x00007fff87f59000 	C:\WINDOWS\SYSTEM32\WSOCK32.dll
0x00007fff8d0e0000 - 0x00007fff8d0e8000 	C:\WINDOWS\System32\PSAPI.DLL
0x00007fff8d0f0000 - 0x00007fff8d15a000 	C:\WINDOWS\System32\WS2_32.dll
0x00007fff89740000 - 0x00007fff89763000 	C:\WINDOWS\SYSTEM32\WINMM.dll
0x00007fff80670000 - 0x00007fff8067a000 	C:\WINDOWS\SYSTEM32\VERSION.dll
0x00007fff896e0000 - 0x00007fff8970b000 	C:\WINDOWS\SYSTEM32\WINMMBASE.dll
0x00007fff8c020000 - 0x00007fff8c062000 	C:\WINDOWS\System32\cfgmgr32.dll
0x0000000060060000 - 0x000000006006f000 	C:\Program Files\Java\jdk1.8.0_51\jre\bin\verify.dll
0x000000005eda0000 - 0x000000005edc9000 	C:\Program Files\Java\jdk1.8.0_51\jre\bin\java.dll
0x000000005da30000 - 0x000000005da46000 	C:\Program Files\Java\jdk1.8.0_51\jre\bin\zip.dll
0x00007fff8d8a0000 - 0x00007fff8eda9000 	C:\WINDOWS\System32\SHELL32.dll
0x00007fff8b350000 - 0x00007fff8ba2a000 	C:\WINDOWS\System32\windows.storage.dll
0x00007fff8b300000 - 0x00007fff8b34c000 	C:\WINDOWS\System32\powrprof.dll
0x00007fff8c8e0000 - 0x00007fff8c932000 	C:\WINDOWS\System32\shlwapi.dll
0x00007fff8b2f0000 - 0x00007fff8b2ff000 	C:\WINDOWS\System32\kernel.appcore.dll
0x00007fff8bad0000 - 0x00007fff8bb79000 	C:\WINDOWS\System32\shcore.dll
0x00007fff8b2c0000 - 0x00007fff8b2d4000 	C:\WINDOWS\System32\profapi.dll
0x000000005d9b0000 - 0x000000005d9ca000 	C:\Program Files\Java\jdk1.8.0_51\jre\bin\net.dll
0x00007fff8ab90000 - 0x00007fff8abec000 	C:\WINDOWS\system32\mswsock.dll
0x000000005d990000 - 0x000000005d9a1000 	C:\Program Files\Java\jdk1.8.0_51\jre\bin\nio.dll
0x00007fff833a0000 - 0x00007fff833b2000 	C:\Users\Ellen\.gradle\native\19\windows-amd64\native-platform.dll
0x00007fff8ad30000 - 0x00007fff8ad47000 	C:\WINDOWS\SYSTEM32\CRYPTSP.dll
0x00007fff8a790000 - 0x00007fff8a7c3000 	C:\WINDOWS\system32\rsaenh.dll
0x00007fff8b200000 - 0x00007fff8b22b000 	C:\WINDOWS\SYSTEM32\bcrypt.dll
0x00007fff8aa10000 - 0x00007fff8aa2f000 	C:\WINDOWS\SYSTEM32\USERENV.dll
0x00007fff8ad50000 - 0x00007fff8ad5b000 	C:\WINDOWS\SYSTEM32\CRYPTBASE.dll
0x00007fff8a910000 - 0x00007fff8a948000 	C:\WINDOWS\SYSTEM32\IPHLPAPI.DLL
0x00007fff8ce10000 - 0x00007fff8ce18000 	C:\WINDOWS\System32\NSI.dll
0x00007fff86e90000 - 0x00007fff86ea6000 	C:\WINDOWS\SYSTEM32\dhcpcsvc6.DLL
0x00007fff86eb0000 - 0x00007fff86eca000 	C:\WINDOWS\SYSTEM32\dhcpcsvc.DLL
0x000000005f730000 - 0x000000005f73d000 	C:\Program Files\Java\jdk1.8.0_51\jre\bin\management.dll
0x0000000060080000 - 0x00000000600a4000 	C:\Program Files\Java\jdk1.8.0_51\jre\bin\sunec.dll
0x0000000060070000 - 0x000000006007b000 	C:\Program Files\Java\jdk1.8.0_51\jre\bin\sunmscapi.dll
0x00007fff8be50000 - 0x00007fff8c019000 	C:\WINDOWS\System32\CRYPT32.dll
0x00007fff8b2e0000 - 0x00007fff8b2f0000 	C:\WINDOWS\System32\MSASN1.dll
0x00007fff87db0000 - 0x00007fff87f42000 	C:\WINDOWS\SYSTEM32\dbghelp.dll

VM Arguments:
jvm_args: -Xmx1536m -Dfile.encoding=windows-1252 -Duser.country=BR -Duser.language=pt -Duser.variant 
java_command: org.gradle.launcher.daemon.bootstrap.GradleDaemon 2.14.1
java_class_path (initial): C:\Users\Ellen\.gradle\wrapper\dists\gradle-2.14.1-all\8bnwg5hd3w55iofp58khbp6yv\gradle-2.14.1\lib\gradle-launcher-2.14.1.jar
Launcher Type: SUN_STANDARD

Environment Variables:
PATH=C:\Program Files\MySQL\MySQL Server 5.7\bin;C:\Program Files\Git\cmd;c:\windows\system32;C:\Program Files\MySQL\MySQL Server 5.7\bin\mysql.exe 
USERNAME=Ellen
OS=Windows_NT
PROCESSOR_IDENTIFIER=Intel64 Family 6 Model 61 Stepping 4, GenuineIntel



---------------  S Y S T E M  ---------------

OS: Windows 10.0 , 64 bit Build 14393 (10.0.14393.0)

CPU:total 4 (2 cores per cpu, 2 threads per core) family 6 model 61 stepping 4, cmov, cx8, fxsr, mmx, sse, sse2, sse3, ssse3, sse4.1, sse4.2, popcnt, avx, avx2, aes, clmul, erms, 3dnowpref, lzcnt, ht, tsc, tscinvbit, bmi1, bmi2, adx

Memory: 4k page, physical 8288952k(1302784k free), swap 8329912k(7084k free)

vm_info: Java HotSpot(TM) 64-Bit Server VM (25.51-b03) for windows-amd64 JRE (1.8.0_51-b16), built on Jun  8 2015 18:03:07 by "java_re" with MS VC++ 10.0 (VS2010)

time: Fri Apr 07 17:53:30 2017
elapsed time: 1228 seconds (0d 0h 20m 28s)

